Using pre-set license
Built from '2021.3/release' branch; Version is '2021.3.12f1 (8af3c3e441b1) revision 9106371'; Using compiler version '192829333'; Build Type 'Release'
OS: 'Windows 11  (10.0.22621) 64bit Professional' Language: 'ko' Physical Memory: 65292 MB
BatchMode: 1, IsHumanControllingUs: 0, StartBugReporterOnCrash: 0, Is64bit: 1, IsPro: 1

COMMAND LINE ARGUMENTS:
C:\Program Files\Unity\Hub\Editor\2021.3.12f1\Editor\Unity.exe
-adb2
-batchMode
-noUpm
-name
AssetImportWorker1
-projectPath
D:/Unity_base/Unity_Basic/SpaceShooter
-logFile
Logs/AssetImportWorker1.log
-srvPort
63804
Successfully changed project path to: D:/Unity_base/Unity_Basic/SpaceShooter
D:/Unity_base/Unity_Basic/SpaceShooter
[UnityMemory] Configuration Parameters - Can be set up in boot.config
    "memorysetup-bucket-allocator-granularity=16"
    "memorysetup-bucket-allocator-bucket-count=8"
    "memorysetup-bucket-allocator-block-size=33554432"
    "memorysetup-bucket-allocator-block-count=8"
    "memorysetup-main-allocator-block-size=16777216"
    "memorysetup-thread-allocator-block-size=16777216"
    "memorysetup-gfx-main-allocator-block-size=16777216"
    "memorysetup-gfx-thread-allocator-block-size=16777216"
    "memorysetup-cache-allocator-block-size=4194304"
    "memorysetup-typetree-allocator-block-size=2097152"
    "memorysetup-profiler-bucket-allocator-granularity=16"
    "memorysetup-profiler-bucket-allocator-bucket-count=8"
    "memorysetup-profiler-bucket-allocator-block-size=33554432"
    "memorysetup-profiler-bucket-allocator-block-count=8"
    "memorysetup-profiler-allocator-block-size=16777216"
    "memorysetup-profiler-editor-allocator-block-size=1048576"
    "memorysetup-temp-allocator-size-main=16777216"
    "memorysetup-job-temp-allocator-block-size=2097152"
    "memorysetup-job-temp-allocator-block-size-background=1048576"
    "memorysetup-job-temp-allocator-reduction-small-platforms=262144"
    "memorysetup-temp-allocator-size-background-worker=32768"
    "memorysetup-temp-allocator-size-job-worker=262144"
    "memorysetup-temp-allocator-size-preload-manager=33554432"
    "memorysetup-temp-allocator-size-nav-mesh-worker=65536"
    "memorysetup-temp-allocator-size-audio-worker=65536"
    "memorysetup-temp-allocator-size-cloud-worker=32768"
    "memorysetup-temp-allocator-size-gi-baking-worker=262144"
    "memorysetup-temp-allocator-size-gfx=262144"
Refreshing native plugins compatible for Editor in 44.03 ms, found 3 plugins.
Preloading 0 native plugins for Editor in 0.00 ms.
Initialize engine version: 2021.3.12f1 (8af3c3e441b1)
[Subsystems] Discovering subsystems at path C:/Program Files/Unity/Hub/Editor/2021.3.12f1/Editor/Data/Resources/UnitySubsystems
[Subsystems] Discovering subsystems at path D:/Unity_base/Unity_Basic/SpaceShooter/Assets
GfxDevice: creating device client; threaded=0; jobified=0
Direct3D:
    Version:  Direct3D 11.0 [level 11.1]
    Renderer: NVIDIA GeForce RTX 3080 (ID=0x2216)
    Vendor:   NVIDIA
    VRAM:     10067 MB
    Driver:   31.0.15.2756
Initialize mono
Mono path[0] = 'C:/Program Files/Unity/Hub/Editor/2021.3.12f1/Editor/Data/Managed'
Mono path[1] = 'C:/Program Files/Unity/Hub/Editor/2021.3.12f1/Editor/Data/MonoBleedingEdge/lib/mono/unityjit-win32'
Mono config path = 'C:/Program Files/Unity/Hub/Editor/2021.3.12f1/Editor/Data/MonoBleedingEdge/etc'
Using monoOptions --debugger-agent=transport=dt_socket,embedding=1,server=y,suspend=n,address=127.0.0.1:56532
Begin MonoManager ReloadAssembly
Registering precompiled unity dll's ...
Register platform support module: C:/Program Files/Unity/Hub/Editor/2021.3.12f1/Editor/Data/PlaybackEngines/WindowsStandaloneSupport/UnityEditor.WindowsStandalone.Extensions.dll
Registered in 0.004205 seconds.
Native extension for WindowsStandalone target not found
Refreshing native plugins compatible for Editor in 43.62 ms, found 3 plugins.
Preloading 0 native plugins for Editor in 0.00 ms.
Mono: successfully reloaded assembly
- Completed reload, in  0.371 seconds
Domain Reload Profiling:
	ReloadAssembly (371ms)
		BeginReloadAssembly (46ms)
			ExecutionOrderSort (0ms)
			DisableScriptedObjects (0ms)
			BackupInstance (0ms)
			ReleaseScriptingObjects (0ms)
			CreateAndSetChildDomain (0ms)
		EndReloadAssembly (252ms)
			LoadAssemblies (44ms)
			RebuildTransferFunctionScriptingTraits (0ms)
			SetupTypeCache (60ms)
			ReleaseScriptCaches (0ms)
			RebuildScriptCaches (17ms)
			SetupLoadedEditorAssemblies (145ms)
				LogAssemblyErrors (0ms)
				InitializePlatformSupportModulesInManaged (5ms)
				SetLoadedEditorAssemblies (0ms)
				RefreshPlugins (44ms)
				BeforeProcessingInitializeOnLoad (1ms)
				ProcessInitializeOnLoadAttributes (69ms)
				ProcessInitializeOnLoadMethodAttributes (27ms)
				AfterProcessingInitializeOnLoad (0ms)
				EditorAssembliesLoaded (0ms)
			ExecutionOrderSort2 (0ms)
			AwakeInstancesAfterBackupRestoration (0ms)
Platform modules already initialized, skipping
Registering precompiled user dll's ...
Registered in 0.002908 seconds.
Begin MonoManager ReloadAssembly
Symbol file LoadedFromMemory doesn't match image D:\Unity_base\Unity_Basic\SpaceShooter\Library\PackageCache\com.unity.visualscripting@1.7.8\Editor\VisualScripting.Core\Dependencies\YamlDotNet\Unity.VisualScripting.YamlDotNet.dll
Symbol file LoadedFromMemory doesn't match image D:\Unity_base\Unity_Basic\SpaceShooter\Library\PackageCache\com.unity.visualscripting@1.7.8\Editor\VisualScripting.Core\Dependencies\DotNetZip\Unity.VisualScripting.IonicZip.dll
Native extension for WindowsStandalone target not found
Refreshing native plugins compatible for Editor in 0.35 ms, found 3 plugins.
Preloading 0 native plugins for Editor in 0.00 ms.
Mono: successfully reloaded assembly
- Completed reload, in  0.578 seconds
Domain Reload Profiling:
	ReloadAssembly (579ms)
		BeginReloadAssembly (65ms)
			ExecutionOrderSort (0ms)
			DisableScriptedObjects (3ms)
			BackupInstance (0ms)
			ReleaseScriptingObjects (0ms)
			CreateAndSetChildDomain (11ms)
		EndReloadAssembly (449ms)
			LoadAssemblies (48ms)
			RebuildTransferFunctionScriptingTraits (0ms)
			SetupTypeCache (143ms)
			ReleaseScriptCaches (0ms)
			RebuildScriptCaches (27ms)
			SetupLoadedEditorAssemblies (210ms)
				LogAssemblyErrors (0ms)
				InitializePlatformSupportModulesInManaged (3ms)
				SetLoadedEditorAssemblies (0ms)
				RefreshPlugins (0ms)
				BeforeProcessingInitializeOnLoad (46ms)
				ProcessInitializeOnLoadAttributes (140ms)
				ProcessInitializeOnLoadMethodAttributes (16ms)
				AfterProcessingInitializeOnLoad (4ms)
				EditorAssembliesLoaded (0ms)
			ExecutionOrderSort2 (0ms)
			AwakeInstancesAfterBackupRestoration (4ms)
Platform modules already initialized, skipping
========================================================================
Worker process is ready to serve import requests
Launched and connected shader compiler UnityShaderCompiler.exe after 0.05 seconds
Refreshing native plugins compatible for Editor in 0.39 ms, found 3 plugins.
Preloading 0 native plugins for Editor in 0.00 ms.
Unloading 3381 Unused Serialized files (Serialized files now loaded: 0)
Unloading 27 unused Assets / (113.3 KB). Loaded Objects now: 3838.
Memory consumption went from 116.3 MB to 116.1 MB.
Total: 2.073000 ms (FindLiveObjects: 0.162400 ms CreateObjectMapping: 0.068100 ms MarkObjects: 1.771200 ms  DeleteObjects: 0.069100 ms)

AssetImportParameters requested are different than current active one (requested -> active):
  custom:video-decoder-ogg-theora: a1e56fd34408186e4bbccfd4996cb3dc -> 
  custom:container-muxer-webm: aa71ff27fc2769a1b78a27578f13a17b -> 
  custom:container-demuxer-webm: 4f35f7cbe854078d1ac9338744f61a02 -> 
  custom:video-encoder-webm-vp8: eb34c28f22e8b96e1ab97ce403110664 -> 
  custom:video-codec-MediaFoundation-h265: 746d11721c4dcdbdad8f713fa42b33f4 -> 
  custom:audio-encoder-webm-vorbis: bf7c407c2cedff20999df2af8eb42d56 -> 
  custom:framework-win-MediaFoundation: 216162199b28c13a410421893ffa2e32 -> 
  custom:container-demuxer-ogg: 62fdf1f143b41e24485cea50d1cbac27 -> 
  custom:video-decoder-webm-vp8: 9c59270c3fd7afecdb556c50c9e8de78 -> 
  custom:audio-decoder-ogg-vorbis: bf7c407c2cedff20999df2af8eb42d56 -> 
========================================================================
Received Import Request.
  Time since last request: 301994.551901 seconds.
  path: Assets/Scenes
  artifactKey: Guid(6ea315d0fd7389c41b19996891e99ae3) Importer(815301076,1909f56bfc062723c751e8b465ee728b)
Start importing Assets/Scenes using Guid(6ea315d0fd7389c41b19996891e99ae3) Importer(815301076,1909f56bfc062723c751e8b465ee728b)  -> (artifact id: 'b8193726cff86800c54781cdc6d54904') in 0.004195 seconds 
========================================================================
Received Prepare
Registering precompiled user dll's ...
Registered in 0.003342 seconds.
Begin MonoManager ReloadAssembly
Symbol file LoadedFromMemory doesn't match image D:\Unity_base\Unity_Basic\SpaceShooter\Library\PackageCache\com.unity.visualscripting@1.7.8\Editor\VisualScripting.Core\Dependencies\YamlDotNet\Unity.VisualScripting.YamlDotNet.dll
Symbol file LoadedFromMemory doesn't match image D:\Unity_base\Unity_Basic\SpaceShooter\Library\PackageCache\com.unity.visualscripting@1.7.8\Editor\VisualScripting.Core\Dependencies\DotNetZip\Unity.VisualScripting.IonicZip.dll
Native extension for WindowsStandalone target not found
Refreshing native plugins compatible for Editor in 0.37 ms, found 3 plugins.
Preloading 0 native plugins for Editor in 0.00 ms.
Mono: successfully reloaded assembly
- Completed reload, in  0.564 seconds
Domain Reload Profiling:
	ReloadAssembly (565ms)
		BeginReloadAssembly (90ms)
			ExecutionOrderSort (0ms)
			DisableScriptedObjects (3ms)
			BackupInstance (0ms)
			ReleaseScriptingObjects (0ms)
			CreateAndSetChildDomain (25ms)
		EndReloadAssembly (418ms)
			LoadAssemblies (55ms)
			RebuildTransferFunctionScriptingTraits (0ms)
			SetupTypeCache (143ms)
			ReleaseScriptCaches (1ms)
			RebuildScriptCaches (22ms)
			SetupLoadedEditorAssemblies (181ms)
				LogAssemblyErrors (0ms)
				InitializePlatformSupportModulesInManaged (8ms)
				SetLoadedEditorAssemblies (0ms)
				RefreshPlugins (0ms)
				BeforeProcessingInitializeOnLoad (36ms)
				ProcessInitializeOnLoadAttributes (115ms)
				ProcessInitializeOnLoadMethodAttributes (16ms)
				AfterProcessingInitializeOnLoad (5ms)
				EditorAssembliesLoaded (0ms)
			ExecutionOrderSort2 (0ms)
			AwakeInstancesAfterBackupRestoration (5ms)
Platform modules already initialized, skipping
Refreshing native plugins compatible for Editor in 1.14 ms, found 3 plugins.
Preloading 0 native plugins for Editor in 0.00 ms.
Unloading 3376 Unused Serialized files (Serialized files now loaded: 0)
Unloading 20 unused Assets / (79.8 KB). Loaded Objects now: 3841.
Memory consumption went from 116.2 MB to 116.1 MB.
Total: 2.056400 ms (FindLiveObjects: 0.150200 ms CreateObjectMapping: 0.067800 ms MarkObjects: 1.769600 ms  DeleteObjects: 0.067900 ms)

AssetImportParameters requested are different than current active one (requested -> active):
  custom:video-decoder-ogg-theora: a1e56fd34408186e4bbccfd4996cb3dc -> 
  custom:container-muxer-webm: aa71ff27fc2769a1b78a27578f13a17b -> 
  custom:container-demuxer-webm: 4f35f7cbe854078d1ac9338744f61a02 -> 
  custom:video-encoder-webm-vp8: eb34c28f22e8b96e1ab97ce403110664 -> 
  custom:video-codec-MediaFoundation-h265: 746d11721c4dcdbdad8f713fa42b33f4 -> 
  custom:audio-encoder-webm-vorbis: bf7c407c2cedff20999df2af8eb42d56 -> 
  custom:framework-win-MediaFoundation: 216162199b28c13a410421893ffa2e32 -> 
  custom:container-demuxer-ogg: 62fdf1f143b41e24485cea50d1cbac27 -> 
  custom:video-decoder-webm-vp8: 9c59270c3fd7afecdb556c50c9e8de78 -> 
  custom:audio-decoder-ogg-vorbis: bf7c407c2cedff20999df2af8eb42d56 -> 
========================================================================
Received Import Request.
  Time since last request: 1178.857736 seconds.
  path: Assets/04.Images/YughuesFreeMetalMaterials/Materials/Textures/T_09_Specular.tga
  artifactKey: Guid(23cbb8ee7779285419c0b154e731c40e) Importer(815301076,1909f56bfc062723c751e8b465ee728b)
Start importing Assets/04.Images/YughuesFreeMetalMaterials/Materials/Textures/T_09_Specular.tga using Guid(23cbb8ee7779285419c0b154e731c40e) Importer(815301076,1909f56bfc062723c751e8b465ee728b)  -> (artifact id: '991a14707957687d7b332b2b28b3eb2e') in 0.056413 seconds 
========================================================================
Received Import Request.
  Time since last request: 0.000017 seconds.
  path: Assets/04.Images/YughuesFreeMetalMaterials/Materials/Textures/T_10_Normal.tga
  artifactKey: Guid(e0ceb8567a0394b4f85cb11fdac74d36) Importer(815301076,1909f56bfc062723c751e8b465ee728b)
Start importing Assets/04.Images/YughuesFreeMetalMaterials/Materials/Textures/T_10_Normal.tga using Guid(e0ceb8567a0394b4f85cb11fdac74d36) Importer(815301076,1909f56bfc062723c751e8b465ee728b)  -> (artifact id: 'b277a993a6b2b72de67822503edaf474') in 0.027518 seconds 
========================================================================
Received Import Request.
  Time since last request: 0.740571 seconds.
  path: Assets/04.Images/YughuesFreeMetalMaterials/Materials/Textures/T_12_Emissive.tga
  artifactKey: Guid(2d0a4c78ea142244cbf9957397b75d7a) Importer(815301076,1909f56bfc062723c751e8b465ee728b)
Start importing Assets/04.Images/YughuesFreeMetalMaterials/Materials/Textures/T_12_Emissive.tga using Guid(2d0a4c78ea142244cbf9957397b75d7a) Importer(815301076,1909f56bfc062723c751e8b465ee728b)  -> (artifact id: '54a05adcdea977b2d2d78c55b2608a51') in 0.005389 seconds 
========================================================================
Received Import Request.
  Time since last request: 0.022901 seconds.
  path: Assets/04.Images/YughuesFreeMetalMaterials/Materials/Textures/T_12_Specular.tga
  artifactKey: Guid(d72611aa5c8088f4eb634a6f1178acd5) Importer(815301076,1909f56bfc062723c751e8b465ee728b)
Start importing Assets/04.Images/YughuesFreeMetalMaterials/Materials/Textures/T_12_Specular.tga using Guid(d72611aa5c8088f4eb634a6f1178acd5) Importer(815301076,1909f56bfc062723c751e8b465ee728b)  -> (artifact id: '0c451b648bb59416b5164f9ef0cca9c4') in 0.005102 seconds 
========================================================================
Received Import Request.
  Time since last request: 0.613011 seconds.
  path: Assets/04.Images/YughuesFreeMetalMaterials/Materials/Textures/T_13_Normal.tga
  artifactKey: Guid(85f9003fe1dd73a42a65527724405180) Importer(815301076,1909f56bfc062723c751e8b465ee728b)
Start importing Assets/04.Images/YughuesFreeMetalMaterials/Materials/Textures/T_13_Normal.tga using Guid(85f9003fe1dd73a42a65527724405180) Importer(815301076,1909f56bfc062723c751e8b465ee728b)  -> (artifact id: 'c55dbbb523ef345193294ecea349361c') in 0.005655 seconds 
========================================================================
Received Import Request.
  Time since last request: 10.887821 seconds.
  path: Packages/com.unity.textmeshpro/Editor Resources/Gizmos/TMP - Input Field Icon.psd
  artifactKey: Guid(3ee40aa79cd242a5b53b0b0ca4f13f0f) Importer(815301076,1909f56bfc062723c751e8b465ee728b)
Start importing Packages/com.unity.textmeshpro/Editor Resources/Gizmos/TMP - Input Field Icon.psd using Guid(3ee40aa79cd242a5b53b0b0ca4f13f0f) Importer(815301076,1909f56bfc062723c751e8b465ee728b)  -> (artifact id: 'e17adac6641da0fbe80d50570c027339') in 0.010268 seconds 
========================================================================
Received Import Request.
  Time since last request: 0.004517 seconds.
  path: Packages/com.unity.timeline/Editor/StyleSheets/Images/Icons/TrackAvatarButtonDisabled.png
  artifactKey: Guid(54623075676bd504d93243fb18745161) Importer(815301076,1909f56bfc062723c751e8b465ee728b)
Start importing Packages/com.unity.timeline/Editor/StyleSheets/Images/Icons/TrackAvatarButtonDisabled.png using Guid(54623075676bd504d93243fb18745161) Importer(815301076,1909f56bfc062723c751e8b465ee728b)  -> (artifact id: '556fae4642d7a2ce287a50c93cd113d3') in 0.035743 seconds 
========================================================================
Received Import Request.
  Time since last request: 0.000020 seconds.
  path: Packages/com.unity.timeline/Editor/StyleSheets/Images/Icons/TrackCurvesButtonDisabled@2x.png
  artifactKey: Guid(a383d8b1327c9254896ad76d6efaf357) Importer(815301076,1909f56bfc062723c751e8b465ee728b)
Start importing Packages/com.unity.timeline/Editor/StyleSheets/Images/Icons/TrackCurvesButtonDisabled@2x.png using Guid(a383d8b1327c9254896ad76d6efaf357) Importer(815301076,1909f56bfc062723c751e8b465ee728b)  -> (artifact id: '6c4f4192fead061a450203efb4700a52') in 0.006302 seconds 
========================================================================
Received Import Request.
  Time since last request: 0.000025 seconds.
  path: Packages/com.unity.timeline/Editor/StyleSheets/Images/Icons/TrackAvatarButtonDisabled@2x.png
  artifactKey: Guid(7c05578092876a0458b8b480269aef86) Importer(815301076,1909f56bfc062723c751e8b465ee728b)
Start importing Packages/com.unity.timeline/Editor/StyleSheets/Images/Icons/TrackAvatarButtonDisabled@2x.png using Guid(7c05578092876a0458b8b480269aef86) Importer(815301076,1909f56bfc062723c751e8b465ee728b)  -> (artifact id: '5b80ba8d9b11cb808f40f070a80cf278') in 0.007257 seconds 
========================================================================
Received Import Request.
  Time since last request: 0.003753 seconds.
  path: Assets/04.Images/SkyBox Volume 2/DeepSpaceBlueWithPlanet/upImage.png
  artifactKey: Guid(5c4046e19400c9f44961b6350406ae65) Importer(815301076,1909f56bfc062723c751e8b465ee728b)
Start importing Assets/04.Images/SkyBox Volume 2/DeepSpaceBlueWithPlanet/upImage.png using Guid(5c4046e19400c9f44961b6350406ae65) Importer(815301076,1909f56bfc062723c751e8b465ee728b)  -> (artifact id: 'fbca0d774d0d4cd6cf611a95edc1f20d') in 0.007820 seconds 
========================================================================
Received Import Request.
  Time since last request: 0.017251 seconds.
  path: Assets/04.Images/SkyBox Volume 2/DeepSpaceGreenWithPlanet/upImage.png
  artifactKey: Guid(82671bcdbbcc6f54c86c3c2c6ed06aa8) Importer(815301076,1909f56bfc062723c751e8b465ee728b)
Start importing Assets/04.Images/SkyBox Volume 2/DeepSpaceGreenWithPlanet/upImage.png using Guid(82671bcdbbcc6f54c86c3c2c6ed06aa8) Importer(815301076,1909f56bfc062723c751e8b465ee728b)  -> (artifact id: '8bfe45d07a2db1af7723ecd2103a9e37') in 0.007416 seconds 
========================================================================
Received Import Request.
  Time since last request: 1.278727 seconds.
  path: Packages/com.unity.timeline/Editor/StyleSheets/Images/LightSkin/TimelineStartPlayback.png
  artifactKey: Guid(824c4beb0ca6c934bbc7a26919302236) Importer(815301076,1909f56bfc062723c751e8b465ee728b)
Start importing Packages/com.unity.timeline/Editor/StyleSheets/Images/LightSkin/TimelineStartPlayback.png using Guid(824c4beb0ca6c934bbc7a26919302236) Importer(815301076,1909f56bfc062723c751e8b465ee728b)  -> (artifact id: '8dd70395f6b89e834f0099f40a443f6a') in 0.005790 seconds 
========================================================================
Received Import Request.
  Time since last request: 0.010811 seconds.
  path: Packages/com.unity.timeline/Editor/StyleSheets/Images/Icons/TrackCurvesButtonEnabled.png
  artifactKey: Guid(9589d5d9eb09dec43b2ad51af4e78b1e) Importer(815301076,1909f56bfc062723c751e8b465ee728b)
Start importing Packages/com.unity.timeline/Editor/StyleSheets/Images/Icons/TrackCurvesButtonEnabled.png using Guid(9589d5d9eb09dec43b2ad51af4e78b1e) Importer(815301076,1909f56bfc062723c751e8b465ee728b)  -> (artifact id: '4f98ee9d7d937884465ea1e99b95b8ca') in 0.004467 seconds 
========================================================================
Received Import Request.
  Time since last request: 0.000019 seconds.
  path: Assets/04.Images/SkyBox Volume 2/Stars01/upImage.png
  artifactKey: Guid(1eee1a8f13e601d4e967192b6915486c) Importer(815301076,1909f56bfc062723c751e8b465ee728b)
Start importing Assets/04.Images/SkyBox Volume 2/Stars01/upImage.png using Guid(1eee1a8f13e601d4e967192b6915486c) Importer(815301076,1909f56bfc062723c751e8b465ee728b)  -> (artifact id: '1f5fde1d4b847fbc494e11c3dc455f66') in 0.006550 seconds 
========================================================================
Received Import Request.
  Time since last request: 0.000017 seconds.
  path: Packages/com.unity.timeline/Editor/StyleSheets/Images/Icons/TrackMuteButtonDisabled.png
  artifactKey: Guid(5216b1b48296ef345ad2d2ec43105bf0) Importer(815301076,1909f56bfc062723c751e8b465ee728b)
Start importing Packages/com.unity.timeline/Editor/StyleSheets/Images/Icons/TrackMuteButtonDisabled.png using Guid(5216b1b48296ef345ad2d2ec43105bf0) Importer(815301076,1909f56bfc062723c751e8b465ee728b)  -> (artifact id: '888acd6128dcbc0b023a4623c86f0424') in 0.004266 seconds 
========================================================================
Received Import Request.
  Time since last request: 0.000015 seconds.
  path: Packages/com.unity.timeline/Editor/StyleSheets/Images/Icons/TrackMarkerButtonDisabled@2x.png
  artifactKey: Guid(193dae938a3136440b693b45a2494737) Importer(815301076,1909f56bfc062723c751e8b465ee728b)
Start importing Packages/com.unity.timeline/Editor/StyleSheets/Images/Icons/TrackMarkerButtonDisabled@2x.png using Guid(193dae938a3136440b693b45a2494737) Importer(815301076,1909f56bfc062723c751e8b465ee728b)  -> (artifact id: 'fabd3f76b16245434ef4ffb430e9e601') in 0.004970 seconds 
========================================================================
Received Import Request.
  Time since last request: 0.000019 seconds.
  path: Packages/com.unity.timeline/Editor/StyleSheets/Images/Shared/TimelineSwatch.png
  artifactKey: Guid(e50018fd67fc156459e4014bdad3f5f6) Importer(815301076,1909f56bfc062723c751e8b465ee728b)
Start importing Packages/com.unity.timeline/Editor/StyleSheets/Images/Shared/TimelineSwatch.png using Guid(e50018fd67fc156459e4014bdad3f5f6) Importer(815301076,1909f56bfc062723c751e8b465ee728b)  -> (artifact id: '1f3a75078e32112cfee143ec3036d8aa') in 0.004840 seconds 
========================================================================
Received Import Request.
  Time since last request: 0.000018 seconds.
  path: Packages/com.unity.timeline/Editor/StyleSheets/Images/Icons/TrackRecordButtonDisabled@2x.png
  artifactKey: Guid(6091f9516d23100479c03bca26138bc8) Importer(815301076,1909f56bfc062723c751e8b465ee728b)
Start importing Packages/com.unity.timeline/Editor/StyleSheets/Images/Icons/TrackRecordButtonDisabled@2x.png using Guid(6091f9516d23100479c03bca26138bc8) Importer(815301076,1909f56bfc062723c751e8b465ee728b)  -> (artifact id: 'f02c7cee67b291294632651bd505e8ec') in 0.004444 seconds 
========================================================================
Received Import Request.
  Time since last request: 0.000020 seconds.
  path: Packages/com.unity.timeline/Editor/StyleSheets/Images/Icons/TrackRecordButtonEnabled.png
  artifactKey: Guid(c6a0c6226c05f954fa6cd03aebb4d255) Importer(815301076,1909f56bfc062723c751e8b465ee728b)
Start importing Packages/com.unity.timeline/Editor/StyleSheets/Images/Icons/TrackRecordButtonEnabled.png using Guid(c6a0c6226c05f954fa6cd03aebb4d255) Importer(815301076,1909f56bfc062723c751e8b465ee728b)  -> (artifact id: '48d73cc0bc54c7efa11ccdf0fd4d898f') in 0.005026 seconds 
========================================================================
Received Import Request.
  Time since last request: 1.571965 seconds.
  path: Packages/com.unity.timeline/Editor/StyleSheets/Images/DarkSkin/TimelineEndPlayback.png
  artifactKey: Guid(c285802d9d414814fad592b90b223f15) Importer(815301076,1909f56bfc062723c751e8b465ee728b)
Start importing Packages/com.unity.timeline/Editor/StyleSheets/Images/DarkSkin/TimelineEndPlayback.png using Guid(c285802d9d414814fad592b90b223f15) Importer(815301076,1909f56bfc062723c751e8b465ee728b)  -> (artifact id: '4c5d62e278c871a6b6e67337856b4898') in 0.005245 seconds 
========================================================================
Received Import Request.
  Time since last request: 0.000015 seconds.
  path: Packages/com.unity.timeline/Editor/StyleSheets/Images/LightSkin/TimelineMarkerItemSelected.png
  artifactKey: Guid(b6e9dc9aad5843748a0124b8925c3743) Importer(815301076,1909f56bfc062723c751e8b465ee728b)
Start importing Packages/com.unity.timeline/Editor/StyleSheets/Images/LightSkin/TimelineMarkerItemSelected.png using Guid(b6e9dc9aad5843748a0124b8925c3743) Importer(815301076,1909f56bfc062723c751e8b465ee728b)  -> (artifact id: '28a33c5d9c199dacd424c7a62de3a3c7') in 0.005045 seconds 
========================================================================
Received Import Request.
  Time since last request: 0.000017 seconds.
  path: Packages/com.unity.timeline/Editor/StyleSheets/Images/DarkSkin/TimelineSignalCollapsed.png
  artifactKey: Guid(d91793cd853a258448e4d5545bb38e45) Importer(815301076,1909f56bfc062723c751e8b465ee728b)
Start importing Packages/com.unity.timeline/Editor/StyleSheets/Images/DarkSkin/TimelineSignalCollapsed.png using Guid(d91793cd853a258448e4d5545bb38e45) Importer(815301076,1909f56bfc062723c751e8b465ee728b)  -> (artifact id: '0d478e3c0c72097f6895fd9fd55e450f') in 0.004989 seconds 
========================================================================
Received Import Request.
  Time since last request: 0.000017 seconds.
  path: Packages/com.unity.timeline/Editor/StyleSheets/Images/LightSkin/TimelinePingPong.png
  artifactKey: Guid(88d697f38121de443ba144702e5122d9) Importer(815301076,1909f56bfc062723c751e8b465ee728b)
Start importing Packages/com.unity.timeline/Editor/StyleSheets/Images/LightSkin/TimelinePingPong.png using Guid(88d697f38121de443ba144702e5122d9) Importer(815301076,1909f56bfc062723c751e8b465ee728b)  -> (artifact id: 'da19349f7152fd58436e75fe5af3b29d') in 0.004829 seconds 
========================================================================
Received Import Request.
  Time since last request: 0.000016 seconds.
  path: Packages/com.unity.timeline/Editor/StyleSheets/Images/DarkSkin/TimelineLoop.png
  artifactKey: Guid(360dded8761e81d4d98c10f469d55492) Importer(815301076,1909f56bfc062723c751e8b465ee728b)
Start importing Packages/com.unity.timeline/Editor/StyleSheets/Images/DarkSkin/TimelineLoop.png using Guid(360dded8761e81d4d98c10f469d55492) Importer(815301076,1909f56bfc062723c751e8b465ee728b)  -> (artifact id: 'a656e6bcf18703f1724a836f1c86c6c2') in 0.004794 seconds 
========================================================================
Received Import Request.
  Time since last request: 0.000015 seconds.
  path: Packages/com.unity.timeline/Editor/StyleSheets/Images/Shared/TimelineOutline.png
  artifactKey: Guid(829511f8e35bf3a40be037a1050f801c) Importer(815301076,1909f56bfc062723c751e8b465ee728b)
Start importing Packages/com.unity.timeline/Editor/StyleSheets/Images/Shared/TimelineOutline.png using Guid(829511f8e35bf3a40be037a1050f801c) Importer(815301076,1909f56bfc062723c751e8b465ee728b)  -> (artifact id: '57f44f82c54168b5e093d2dffbae6edd') in 0.006492 seconds 
========================================================================
Received Import Request.
  Time since last request: 0.000015 seconds.
  path: Packages/com.unity.timeline/Editor/StyleSheets/Images/LightSkin/TimelineLoop.png
  artifactKey: Guid(c7df1e797b21c774f9b859d17f674737) Importer(815301076,1909f56bfc062723c751e8b465ee728b)
Start importing Packages/com.unity.timeline/Editor/StyleSheets/Images/LightSkin/TimelineLoop.png using Guid(c7df1e797b21c774f9b859d17f674737) Importer(815301076,1909f56bfc062723c751e8b465ee728b)  -> (artifact id: '4dc2cef2af60c49d7b8431307b04dd6f') in 0.004132 seconds 
========================================================================
Received Import Request.
  Time since last request: 0.000013 seconds.
  path: Packages/com.unity.timeline/Editor/StyleSheets/Images/DarkSkin/TimelinePlayRange.png
  artifactKey: Guid(43eeff8a446b32242a4fb1a5c1bd7b8e) Importer(815301076,1909f56bfc062723c751e8b465ee728b)
Start importing Packages/com.unity.timeline/Editor/StyleSheets/Images/DarkSkin/TimelinePlayRange.png using Guid(43eeff8a446b32242a4fb1a5c1bd7b8e) Importer(815301076,1909f56bfc062723c751e8b465ee728b)  -> (artifact id: '385d98a46caf34d9832a0e7e66296cf0') in 0.004674 seconds 
========================================================================
Received Import Request.
  Time since last request: 0.012010 seconds.
  path: Assets/04.Images/YughuesFreeMetalMaterials/Materials/Textures/T_35_Diffuse.tga
  artifactKey: Guid(7c1d65d497687d64c9db74501b19ccf8) Importer(815301076,1909f56bfc062723c751e8b465ee728b)
Start importing Assets/04.Images/YughuesFreeMetalMaterials/Materials/Textures/T_35_Diffuse.tga using Guid(7c1d65d497687d64c9db74501b19ccf8) Importer(815301076,1909f56bfc062723c751e8b465ee728b)  -> (artifact id: 'e8a474e93f5bd2e2c12d6e7d5b39859b') in 0.005917 seconds 
========================================================================
Received Import Request.
  Time since last request: 0.000016 seconds.
  path: Assets/04.Images/YughuesFreeMetalMaterials/Materials/Textures/T_36_Specular.tga
  artifactKey: Guid(f0227a91a3a34cf459bf745bb80cc352) Importer(815301076,1909f56bfc062723c751e8b465ee728b)
Start importing Assets/04.Images/YughuesFreeMetalMaterials/Materials/Textures/T_36_Specular.tga using Guid(f0227a91a3a34cf459bf745bb80cc352) Importer(815301076,1909f56bfc062723c751e8b465ee728b)  -> (artifact id: '0d79d3566b53b66c7bb527dd2ca80097') in 0.006409 seconds 
========================================================================
Received Import Request.
  Time since last request: 0.000018 seconds.
  path: Assets/04.Images/YughuesFreeMetalMaterials/Materials/Textures/T_50_Specular.tga
  artifactKey: Guid(d702ca62fd313ed4da224fbda008871a) Importer(815301076,1909f56bfc062723c751e8b465ee728b)
Start importing Assets/04.Images/YughuesFreeMetalMaterials/Materials/Textures/T_50_Specular.tga using Guid(d702ca62fd313ed4da224fbda008871a) Importer(815301076,1909f56bfc062723c751e8b465ee728b)  -> (artifact id: 'd70005a90a9fd9ef823e05f3441e01e8') in 0.006482 seconds 
========================================================================
Received Import Request.
  Time since last request: 0.000020 seconds.
  path: Assets/04.Images/YughuesFreeMetalMaterials/Materials/Textures/T_48_Diffuse.tga
  artifactKey: Guid(485b71d54b858e246a86b7c8713d8476) Importer(815301076,1909f56bfc062723c751e8b465ee728b)
Start importing Assets/04.Images/YughuesFreeMetalMaterials/Materials/Textures/T_48_Diffuse.tga using Guid(485b71d54b858e246a86b7c8713d8476) Importer(815301076,1909f56bfc062723c751e8b465ee728b)  -> (artifact id: '1c07fa0372a760336ec128209d8e1077') in 0.005382 seconds 
========================================================================
Received Import Request.
  Time since last request: 0.000015 seconds.
  path: Assets/04.Images/YughuesFreeMetalMaterials/Materials/Textures/T_44_Diffuse.tga
  artifactKey: Guid(f2ad0c737db19b242a7ac4ec9dbc0a2c) Importer(815301076,1909f56bfc062723c751e8b465ee728b)
Start importing Assets/04.Images/YughuesFreeMetalMaterials/Materials/Textures/T_44_Diffuse.tga using Guid(f2ad0c737db19b242a7ac4ec9dbc0a2c) Importer(815301076,1909f56bfc062723c751e8b465ee728b)  -> (artifact id: '847e1bf2a6def81ec8a402deb14c0d23') in 0.006017 seconds 
========================================================================
Received Import Request.
  Time since last request: 0.005145 seconds.
  path: Assets/04.Images/YughuesFreeMetalMaterials/Materials/Textures/T_30_Specular.tga
  artifactKey: Guid(a9d5254462ec08c49bfbc9da579a1f13) Importer(815301076,1909f56bfc062723c751e8b465ee728b)
Start importing Assets/04.Images/YughuesFreeMetalMaterials/Materials/Textures/T_30_Specular.tga using Guid(a9d5254462ec08c49bfbc9da579a1f13) Importer(815301076,1909f56bfc062723c751e8b465ee728b)  -> (artifact id: 'dbaecdcfa8ce740daf5f9f15aa9997ac') in 0.005839 seconds 
========================================================================
Received Import Request.
  Time since last request: 0.000020 seconds.
  path: Assets/04.Images/YughuesFreeMetalMaterials/Materials/Textures/T_33_Specular.tga
  artifactKey: Guid(2f8736d3b14d57248aa4deb116b93d32) Importer(815301076,1909f56bfc062723c751e8b465ee728b)
Start importing Assets/04.Images/YughuesFreeMetalMaterials/Materials/Textures/T_33_Specular.tga using Guid(2f8736d3b14d57248aa4deb116b93d32) Importer(815301076,1909f56bfc062723c751e8b465ee728b)  -> (artifact id: '06c3878547aa8e2f7ce0e64e3bb74132') in 0.008123 seconds 
========================================================================
Received Import Request.
  Time since last request: 0.000037 seconds.
  path: Assets/04.Images/YughuesFreeMetalMaterials/Materials/Textures/T_44_Normal.tga
  artifactKey: Guid(54704d4d7f76b2e468dd1ca8dc904528) Importer(815301076,1909f56bfc062723c751e8b465ee728b)
Start importing Assets/04.Images/YughuesFreeMetalMaterials/Materials/Textures/T_44_Normal.tga using Guid(54704d4d7f76b2e468dd1ca8dc904528) Importer(815301076,1909f56bfc062723c751e8b465ee728b)  -> (artifact id: '23f841317b1f7b3c3a57d585e593d5c8') in 0.006279 seconds 
========================================================================
Received Import Request.
  Time since last request: 0.000018 seconds.
  path: Assets/04.Images/YughuesFreeMetalMaterials/Materials/Textures/T_23_Diffuse.tga
  artifactKey: Guid(8413ed1331ead2d45ade40523232bc0f) Importer(815301076,1909f56bfc062723c751e8b465ee728b)
Start importing Assets/04.Images/YughuesFreeMetalMaterials/Materials/Textures/T_23_Diffuse.tga using Guid(8413ed1331ead2d45ade40523232bc0f) Importer(815301076,1909f56bfc062723c751e8b465ee728b)  -> (artifact id: '54671bbbf76ccd7a160ec47f8c0e13e1') in 0.005337 seconds 
========================================================================
Received Import Request.
  Time since last request: 0.000017 seconds.
  path: Assets/04.Images/YughuesFreeMetalMaterials/Materials/Textures/T_19_Specular.tga
  artifactKey: Guid(edad444768045b242afcceaa7d352ffb) Importer(815301076,1909f56bfc062723c751e8b465ee728b)
Start importing Assets/04.Images/YughuesFreeMetalMaterials/Materials/Textures/T_19_Specular.tga using Guid(edad444768045b242afcceaa7d352ffb) Importer(815301076,1909f56bfc062723c751e8b465ee728b)  -> (artifact id: 'a3e04055ed5ebfaa97612945d3be06d6') in 0.006803 seconds 
========================================================================
Received Import Request.
  Time since last request: 0.000016 seconds.
  path: Packages/com.unity.collab-proxy/Editor/PlasticSCM/Assets/Images/iconoutofsync.png
  artifactKey: Guid(636d03a8834e3ed4cac3a1cb4b82deaf) Importer(815301076,1909f56bfc062723c751e8b465ee728b)
Start importing Packages/com.unity.collab-proxy/Editor/PlasticSCM/Assets/Images/iconoutofsync.png using Guid(636d03a8834e3ed4cac3a1cb4b82deaf) Importer(815301076,1909f56bfc062723c751e8b465ee728b)  -> (artifact id: '108e98609b30afdb37e10d42658c5923') in 0.016640 seconds 
========================================================================
Received Import Request.
  Time since last request: 0.000018 seconds.
  path: Packages/com.unity.collab-proxy/Editor/PlasticSCM/Assets/Images/iconmergelink.png
  artifactKey: Guid(120bf54dff785a0429b068b814e9c12a) Importer(815301076,1909f56bfc062723c751e8b465ee728b)
Start importing Packages/com.unity.collab-proxy/Editor/PlasticSCM/Assets/Images/iconmergelink.png using Guid(120bf54dff785a0429b068b814e9c12a) Importer(815301076,1909f56bfc062723c751e8b465ee728b)  -> (artifact id: 'd1842395a022c709e5237aa058089cee') in 0.006598 seconds 
========================================================================
Received Import Request.
  Time since last request: 0.000022 seconds.
  path: Packages/com.unity.collab-proxy/Editor/Collaborate/Assets/Icons/loading-light@2x.png
  artifactKey: Guid(4d614e4edbf542c418d50ec49eed858d) Importer(815301076,1909f56bfc062723c751e8b465ee728b)
Start importing Packages/com.unity.collab-proxy/Editor/Collaborate/Assets/Icons/loading-light@2x.png using Guid(4d614e4edbf542c418d50ec49eed858d) Importer(815301076,1909f56bfc062723c751e8b465ee728b)  -> (artifact id: 'b3a41f6fcbe2cef6d0aa8bf1e658d591') in 0.004593 seconds 
========================================================================
Received Import Request.
  Time since last request: 0.000017 seconds.
  path: Packages/com.unity.collab-proxy/Editor/Collaborate/Assets/Icons/more-vert-light.png
  artifactKey: Guid(6232fff3dd732c24b810a139724ea7cf) Importer(815301076,1909f56bfc062723c751e8b465ee728b)
Start importing Packages/com.unity.collab-proxy/Editor/Collaborate/Assets/Icons/more-vert-light.png using Guid(6232fff3dd732c24b810a139724ea7cf) Importer(815301076,1909f56bfc062723c751e8b465ee728b)  -> (artifact id: '6071f2c620d1fd99ac53b352805f3c9f') in 0.004864 seconds 
========================================================================
Received Import Request.
  Time since last request: 0.000020 seconds.
  path: Assets/04.Images/SkyBox Volume 2/DeepSpaceRed/rightImage.png
  artifactKey: Guid(6ea2e7ab328ea214a97f55c279f4a884) Importer(815301076,1909f56bfc062723c751e8b465ee728b)
Start importing Assets/04.Images/SkyBox Volume 2/DeepSpaceRed/rightImage.png using Guid(6ea2e7ab328ea214a97f55c279f4a884) Importer(815301076,1909f56bfc062723c751e8b465ee728b)  -> (artifact id: 'cae6bb610ba4ae5913806b4cb11f434f') in 0.005948 seconds 
========================================================================
Received Import Request.
  Time since last request: 0.000017 seconds.
  path: Assets/04.Images/YughuesFreeMetalMaterials/Materials/Textures/T_31_Specular.tga
  artifactKey: Guid(384e3a81535804f4b8ba6a0c1a288812) Importer(815301076,1909f56bfc062723c751e8b465ee728b)
Start importing Assets/04.Images/YughuesFreeMetalMaterials/Materials/Textures/T_31_Specular.tga using Guid(384e3a81535804f4b8ba6a0c1a288812) Importer(815301076,1909f56bfc062723c751e8b465ee728b)  -> (artifact id: '58b4c834e62fa513001ef1e5abd2214e') in 0.005020 seconds 
========================================================================
Received Import Request.
  Time since last request: 0.000017 seconds.
  path: Assets/04.Images/SkyBox Volume 2/DeepSpaceBlueWithPlanet/leftImage.png
  artifactKey: Guid(0373ee03f989db143826ef682bb33f93) Importer(815301076,1909f56bfc062723c751e8b465ee728b)
Start importing Assets/04.Images/SkyBox Volume 2/DeepSpaceBlueWithPlanet/leftImage.png using Guid(0373ee03f989db143826ef682bb33f93) Importer(815301076,1909f56bfc062723c751e8b465ee728b)  -> (artifact id: 'a829edc5d80c3214274eb02cfc0b4e48') in 0.006640 seconds 
========================================================================
Received Import Request.
  Time since last request: 0.000043 seconds.
  path: Assets/04.Images/YughuesFreeMetalMaterials/Materials/Textures/T_20_Specular.tga
  artifactKey: Guid(bb501974d576ad945a07b28c3af045a9) Importer(815301076,1909f56bfc062723c751e8b465ee728b)
Start importing Assets/04.Images/YughuesFreeMetalMaterials/Materials/Textures/T_20_Specular.tga using Guid(bb501974d576ad945a07b28c3af045a9) Importer(815301076,1909f56bfc062723c751e8b465ee728b)  -> (artifact id: '619ee29053fa73ca5319c8790a6856b7') in 0.005985 seconds 
========================================================================
Received Import Request.
  Time since last request: 0.000017 seconds.
  path: Assets/04.Images/YughuesFreeMetalMaterials/Materials/Textures/T_39_Diffuse.tga
  artifactKey: Guid(858edb10117ddc24a805151cb8bb53ff) Importer(815301076,1909f56bfc062723c751e8b465ee728b)
Start importing Assets/04.Images/YughuesFreeMetalMaterials/Materials/Textures/T_39_Diffuse.tga using Guid(858edb10117ddc24a805151cb8bb53ff) Importer(815301076,1909f56bfc062723c751e8b465ee728b)  -> (artifact id: '6a2d951f3548dfd545aca5d878e73dae') in 0.005676 seconds 
========================================================================
Received Import Request.
  Time since last request: 0.000018 seconds.
  path: Packages/com.unity.collab-proxy/Editor/PlasticSCM/Assets/Images/iconoutofsyncoverlay@2x.png
  artifactKey: Guid(3728580c149181a44b359e89f6edacae) Importer(815301076,1909f56bfc062723c751e8b465ee728b)
Start importing Packages/com.unity.collab-proxy/Editor/PlasticSCM/Assets/Images/iconoutofsyncoverlay@2x.png using Guid(3728580c149181a44b359e89f6edacae) Importer(815301076,1909f56bfc062723c751e8b465ee728b)  -> (artifact id: 'a144c1f36d92d14214067d902e12d646') in 0.006123 seconds 
========================================================================
Received Import Request.
  Time since last request: 0.000017 seconds.
  path: Packages/com.unity.collab-proxy/Editor/Collaborate/Assets/Icons/more-vert-light@2x.png
  artifactKey: Guid(f9053b8d7b8c0d446a1f1fd28fec65c1) Importer(815301076,1909f56bfc062723c751e8b465ee728b)
Start importing Packages/com.unity.collab-proxy/Editor/Collaborate/Assets/Icons/more-vert-light@2x.png using Guid(f9053b8d7b8c0d446a1f1fd28fec65c1) Importer(815301076,1909f56bfc062723c751e8b465ee728b)  -> (artifact id: '4aadc492ba45d02378f764e9ff015761') in 0.004102 seconds 
========================================================================
Received Import Request.
  Time since last request: 0.000019 seconds.
  path: Assets/04.Images/YughuesFreeMetalMaterials/Materials/Textures/T_21_Diffuse.tga
  artifactKey: Guid(65c44c9418dce2e4e966f8fb196d64db) Importer(815301076,1909f56bfc062723c751e8b465ee728b)
Start importing Assets/04.Images/YughuesFreeMetalMaterials/Materials/Textures/T_21_Diffuse.tga using Guid(65c44c9418dce2e4e966f8fb196d64db) Importer(815301076,1909f56bfc062723c751e8b465ee728b)  -> (artifact id: 'bf67cdc194e9638e88569c24b3d8f71b') in 0.005384 seconds 
========================================================================
Received Import Request.
  Time since last request: 0.000013 seconds.
  path: Packages/com.unity.collab-proxy/Editor/PlasticSCM/Assets/Images/ignoredoverlay@2x.png
  artifactKey: Guid(999d04c0ea94ccc41b3d80788160695b) Importer(815301076,1909f56bfc062723c751e8b465ee728b)
Start importing Packages/com.unity.collab-proxy/Editor/PlasticSCM/Assets/Images/ignoredoverlay@2x.png using Guid(999d04c0ea94ccc41b3d80788160695b) Importer(815301076,1909f56bfc062723c751e8b465ee728b)  -> (artifact id: '3d6013e78cdef3e55111ad321fd1a256') in 0.007946 seconds 
========================================================================
Received Import Request.
  Time since last request: 0.000025 seconds.
  path: Packages/com.unity.collab-proxy/Editor/PlasticSCM/Assets/Images/notondisk.png
  artifactKey: Guid(b205f4b28f59dda49af458b35d8a3ff3) Importer(815301076,1909f56bfc062723c751e8b465ee728b)
Start importing Packages/com.unity.collab-proxy/Editor/PlasticSCM/Assets/Images/notondisk.png using Guid(b205f4b28f59dda49af458b35d8a3ff3) Importer(815301076,1909f56bfc062723c751e8b465ee728b)  -> (artifact id: '96918f8bf94ce26e331c88f9b1fb3b31') in 0.006828 seconds 
========================================================================
Received Import Request.
  Time since last request: 0.000019 seconds.
  path: Packages/com.unity.collab-proxy/Editor/PlasticSCM/Assets/Images/iconlockedremoteoverlay@2x.png
  artifactKey: Guid(f73a7d8758d7be04588b15637d94b5a8) Importer(815301076,1909f56bfc062723c751e8b465ee728b)
Start importing Packages/com.unity.collab-proxy/Editor/PlasticSCM/Assets/Images/iconlockedremoteoverlay@2x.png using Guid(f73a7d8758d7be04588b15637d94b5a8) Importer(815301076,1909f56bfc062723c751e8b465ee728b)  -> (artifact id: '5fac29d655a7d5cc7c275b5a3730eec9') in 0.007020 seconds 
========================================================================
Received Import Request.
  Time since last request: 0.000028 seconds.
  path: Packages/com.unity.collab-proxy/Editor/PlasticSCM/Assets/Images/iconplasticnotifyincoming@2x.png
  artifactKey: Guid(ae869fe6797f4454cbbf417d87ff637c) Importer(815301076,1909f56bfc062723c751e8b465ee728b)
Start importing Packages/com.unity.collab-proxy/Editor/PlasticSCM/Assets/Images/iconplasticnotifyincoming@2x.png using Guid(ae869fe6797f4454cbbf417d87ff637c) Importer(815301076,1909f56bfc062723c751e8b465ee728b)  -> (artifact id: '7c8f6088feb6857a11bd22db8166bbc3') in 0.006415 seconds 
========================================================================
Received Import Request.
  Time since last request: 0.000017 seconds.
  path: Packages/com.unity.collab-proxy/Editor/PlasticSCM/Assets/Images/iconplasticview@2x.png
  artifactKey: Guid(97a4e2b6ae08b1140a5ba9e22953e029) Importer(815301076,1909f56bfc062723c751e8b465ee728b)
Start importing Packages/com.unity.collab-proxy/Editor/PlasticSCM/Assets/Images/iconplasticview@2x.png using Guid(97a4e2b6ae08b1140a5ba9e22953e029) Importer(815301076,1909f56bfc062723c751e8b465ee728b)  -> (artifact id: '5889bf48848948c7abccc5fc5f0ee05f') in 0.006362 seconds 
========================================================================
Received Import Request.
  Time since last request: 0.000026 seconds.
  path: Packages/com.unity.timeline/Editor/StyleSheets/Images/Icons/Timeline-Marker-Warning-Overlay.png
  artifactKey: Guid(945f4ecec6df62244b9ebcc363833642) Importer(815301076,1909f56bfc062723c751e8b465ee728b)
Start importing Packages/com.unity.timeline/Editor/StyleSheets/Images/Icons/Timeline-Marker-Warning-Overlay.png using Guid(945f4ecec6df62244b9ebcc363833642) Importer(815301076,1909f56bfc062723c751e8b465ee728b)  -> (artifact id: '365a569f37daede08f7259d6d7976871') in 0.006263 seconds 
========================================================================
Received Import Request.
  Time since last request: 0.000029 seconds.
  path: Assets/04.Images/YughuesFreeMetalMaterials/Materials/Textures/T_20_Normal.tga
  artifactKey: Guid(0bbf8e810623a7147b33e57b1b821b00) Importer(815301076,1909f56bfc062723c751e8b465ee728b)
Start importing Assets/04.Images/YughuesFreeMetalMaterials/Materials/Textures/T_20_Normal.tga using Guid(0bbf8e810623a7147b33e57b1b821b00) Importer(815301076,1909f56bfc062723c751e8b465ee728b)  -> (artifact id: '3aa7f478fc2fa9afbade092185d09e2f') in 0.007434 seconds 
========================================================================
Received Import Request.
  Time since last request: 0.000021 seconds.
  path: Packages/com.unity.timeline/Editor/StyleSheets/Images/LightSkin/TimelineActivation.png
  artifactKey: Guid(2887294cc7f1fe840bff6e349409648d) Importer(815301076,1909f56bfc062723c751e8b465ee728b)
Start importing Packages/com.unity.timeline/Editor/StyleSheets/Images/LightSkin/TimelineActivation.png using Guid(2887294cc7f1fe840bff6e349409648d) Importer(815301076,1909f56bfc062723c751e8b465ee728b)  -> (artifact id: 'ed95da175679548236381798bd15f353') in 0.005244 seconds 
========================================================================
Received Import Request.
  Time since last request: 0.000018 seconds.
  path: Packages/com.unity.collab-proxy/Editor/PlasticSCM/Assets/Images/step3.png
  artifactKey: Guid(69899ed144c8eea4baea48b858b37746) Importer(815301076,1909f56bfc062723c751e8b465ee728b)
Start importing Packages/com.unity.collab-proxy/Editor/PlasticSCM/Assets/Images/step3.png using Guid(69899ed144c8eea4baea48b858b37746) Importer(815301076,1909f56bfc062723c751e8b465ee728b)  -> (artifact id: '4133c8bfece9659b09d892b926f314e6') in 0.008346 seconds 
========================================================================
Received Import Request.
  Time since last request: 0.000024 seconds.
  path: Assets/04.Images/YughuesFreeMetalMaterials/Materials/Textures/T_49_Specular.tga
  artifactKey: Guid(a7d7b7d31df755f4c866a76fa5d1e33e) Importer(815301076,1909f56bfc062723c751e8b465ee728b)
Start importing Assets/04.Images/YughuesFreeMetalMaterials/Materials/Textures/T_49_Specular.tga using Guid(a7d7b7d31df755f4c866a76fa5d1e33e) Importer(815301076,1909f56bfc062723c751e8b465ee728b)  -> (artifact id: '53b6d3977d09f6472803c9e116d133ae') in 0.010700 seconds 
========================================================================
Received Import Request.
  Time since last request: 0.000023 seconds.
  path: Assets/04.Images/YughuesFreeMetalMaterials/Materials/Textures/T_40_Diffuse.tga
  artifactKey: Guid(7291e3e19509b2e46a6f452a104360f6) Importer(815301076,1909f56bfc062723c751e8b465ee728b)
Start importing Assets/04.Images/YughuesFreeMetalMaterials/Materials/Textures/T_40_Diffuse.tga using Guid(7291e3e19509b2e46a6f452a104360f6) Importer(815301076,1909f56bfc062723c751e8b465ee728b)  -> (artifact id: 'be9bdea90565520f001e94d922d41a28') in 0.005949 seconds 
========================================================================
Received Import Request.
  Time since last request: 0.000022 seconds.
  path: Assets/04.Images/SkyBox Volume 2/Stars01/leftImage.png
  artifactKey: Guid(e93b91c50a583a949bd59be8a2f0e8e0) Importer(815301076,1909f56bfc062723c751e8b465ee728b)
Start importing Assets/04.Images/SkyBox Volume 2/Stars01/leftImage.png using Guid(e93b91c50a583a949bd59be8a2f0e8e0) Importer(815301076,1909f56bfc062723c751e8b465ee728b)  -> (artifact id: '19fd6affb8b01be141c637af47813fcc') in 0.005708 seconds 
========================================================================
Received Import Request.
  Time since last request: 0.000021 seconds.
  path: Packages/com.unity.collab-proxy/Editor/PlasticSCM/Assets/Images/iconoutofsync@2x.png
  artifactKey: Guid(d7094718bdac022428dd29244922d06b) Importer(815301076,1909f56bfc062723c751e8b465ee728b)
Start importing Packages/com.unity.collab-proxy/Editor/PlasticSCM/Assets/Images/iconoutofsync@2x.png using Guid(d7094718bdac022428dd29244922d06b) Importer(815301076,1909f56bfc062723c751e8b465ee728b)  -> (artifact id: '7719c49b7e46a1f6f49c9dcb78ad1a17') in 0.008087 seconds 
========================================================================
Received Import Request.
  Time since last request: 0.000033 seconds.
  path: Packages/com.unity.collab-proxy/Editor/Collaborate/Assets/Icons/search-light.png
  artifactKey: Guid(5ce43a8ae9d640f4cb77136d601fc0d8) Importer(815301076,1909f56bfc062723c751e8b465ee728b)
Start importing Packages/com.unity.collab-proxy/Editor/Collaborate/Assets/Icons/search-light.png using Guid(5ce43a8ae9d640f4cb77136d601fc0d8) Importer(815301076,1909f56bfc062723c751e8b465ee728b)  -> (artifact id: '2a2b3917e44e83ed798b57264b0beba7') in 0.004440 seconds 
========================================================================
Received Import Request.
  Time since last request: 0.000041 seconds.
  path: Packages/com.unity.collab-proxy/Editor/PlasticSCM/Assets/Images/secondarytabclose.png
  artifactKey: Guid(03cefa94d5aa9d74993fb2138af9d607) Importer(815301076,1909f56bfc062723c751e8b465ee728b)
Start importing Packages/com.unity.collab-proxy/Editor/PlasticSCM/Assets/Images/secondarytabclose.png using Guid(03cefa94d5aa9d74993fb2138af9d607) Importer(815301076,1909f56bfc062723c751e8b465ee728b)  -> (artifact id: '6fac02b3c97a9bf8b8370b10ea6d04e2') in 0.007755 seconds 
========================================================================
Received Import Request.
  Time since last request: 0.000025 seconds.
  path: Assets/05.Models/Player/Textures/t_skin07_n.psd
  artifactKey: Guid(7a88663e33e86485992d38aa828f2cf3) Importer(815301076,1909f56bfc062723c751e8b465ee728b)
Start importing Assets/05.Models/Player/Textures/t_skin07_n.psd using Guid(7a88663e33e86485992d38aa828f2cf3) Importer(815301076,1909f56bfc062723c751e8b465ee728b)  -> (artifact id: '3dc69c37a71636ff0d081c49bb269c7f') in 0.006582 seconds 
========================================================================
Received Import Request.
  Time since last request: 6.464910 seconds.
  path: Assets/04.Images/YughuesFreeMetalMaterials/Materials/Textures/T_24_Normal.tga
  artifactKey: Guid(33416e1c35bc9b148a8bf942e484c86e) Importer(815301076,1909f56bfc062723c751e8b465ee728b)
Start importing Assets/04.Images/YughuesFreeMetalMaterials/Materials/Textures/T_24_Normal.tga using Guid(33416e1c35bc9b148a8bf942e484c86e) Importer(815301076,1909f56bfc062723c751e8b465ee728b)  -> (artifact id: 'e22270ef9c564ce09dbacfa8a19c9bce') in 0.014606 seconds 
========================================================================
Received Import Request.
  Time since last request: 0.475381 seconds.
  path: Assets/04.Images/YughuesFreeMetalMaterials/Materials/Textures/T_26_Diffuse.tga
  artifactKey: Guid(f82867d065cf7d141b29809854fc3e1d) Importer(815301076,1909f56bfc062723c751e8b465ee728b)
Start importing Assets/04.Images/YughuesFreeMetalMaterials/Materials/Textures/T_26_Diffuse.tga using Guid(f82867d065cf7d141b29809854fc3e1d) Importer(815301076,1909f56bfc062723c751e8b465ee728b)  -> (artifact id: 'ef9f137490de603f9ba41ed1c26c301f') in 0.006419 seconds 
========================================================================
Received Import Request.
  Time since last request: 0.038967 seconds.
  path: Assets/04.Images/YughuesFreeMetalMaterials/Materials/Textures/T_27_Specular.tga
  artifactKey: Guid(a9003f14ef2a8bd47abbe5c8d364d562) Importer(815301076,1909f56bfc062723c751e8b465ee728b)
Start importing Assets/04.Images/YughuesFreeMetalMaterials/Materials/Textures/T_27_Specular.tga using Guid(a9003f14ef2a8bd47abbe5c8d364d562) Importer(815301076,1909f56bfc062723c751e8b465ee728b)  -> (artifact id: 'da05f2b325d979cf33388247216690e4') in 0.005514 seconds 
========================================================================
Received Import Request.
  Time since last request: 0.263871 seconds.
  path: Assets/04.Images/YughuesFreeMetalMaterials/Materials/Textures/T_29_Normal.tga
  artifactKey: Guid(b0a7501717f3514478fad8bb7bae311c) Importer(815301076,1909f56bfc062723c751e8b465ee728b)
Start importing Assets/04.Images/YughuesFreeMetalMaterials/Materials/Textures/T_29_Normal.tga using Guid(b0a7501717f3514478fad8bb7bae311c) Importer(815301076,1909f56bfc062723c751e8b465ee728b)  -> (artifact id: 'e3ffa32f8377b1029bcfaf47c862c3e8') in 0.007241 seconds 
========================================================================
Received Import Request.
  Time since last request: 3.183592 seconds.
  path: Packages/com.unity.timeline/Editor/StyleSheets/Images/DarkSkin/TimelineAutokey_active.png
  artifactKey: Guid(e17ee60887efdd04389991a15ee0c578) Importer(815301076,1909f56bfc062723c751e8b465ee728b)
Start importing Packages/com.unity.timeline/Editor/StyleSheets/Images/DarkSkin/TimelineAutokey_active.png using Guid(e17ee60887efdd04389991a15ee0c578) Importer(815301076,1909f56bfc062723c751e8b465ee728b)  -> (artifact id: 'cf3729734291ff220b11ace0974bf4b3') in 0.007045 seconds 
========================================================================
Received Import Request.
  Time since last request: 0.019716 seconds.
  path: Packages/com.unity.timeline/Editor/StyleSheets/Images/Icons/TimelineClipBG.png
  artifactKey: Guid(d44fc8b11425e0043aa7c20a301ce707) Importer(815301076,1909f56bfc062723c751e8b465ee728b)
Start importing Packages/com.unity.timeline/Editor/StyleSheets/Images/Icons/TimelineClipBG.png using Guid(d44fc8b11425e0043aa7c20a301ce707) Importer(815301076,1909f56bfc062723c751e8b465ee728b)  -> (artifact id: '6e489d80d7faebd1149adbf10b64b199') in 0.004658 seconds 
========================================================================
Received Import Request.
  Time since last request: 0.000015 seconds.
  path: Packages/com.unity.timeline/Editor/StyleSheets/Images/Shared/TimelineConnector.png
  artifactKey: Guid(a04f1625bf500f64e97445265dfbcc93) Importer(815301076,1909f56bfc062723c751e8b465ee728b)
Start importing Packages/com.unity.timeline/Editor/StyleSheets/Images/Shared/TimelineConnector.png using Guid(a04f1625bf500f64e97445265dfbcc93) Importer(815301076,1909f56bfc062723c751e8b465ee728b)  -> (artifact id: '895fd746102f8cabdcc139b98747bc42') in 0.006248 seconds 
========================================================================
Received Import Request.
  Time since last request: 0.002632 seconds.
  path: Packages/com.unity.timeline/Editor/StyleSheets/Images/LightSkin/TimelineDisabledBackground.png
  artifactKey: Guid(0304baf8d224f3e47b22d872c8dcd412) Importer(815301076,1909f56bfc062723c751e8b465ee728b)
Start importing Packages/com.unity.timeline/Editor/StyleSheets/Images/LightSkin/TimelineDisabledBackground.png using Guid(0304baf8d224f3e47b22d872c8dcd412) Importer(815301076,1909f56bfc062723c751e8b465ee728b)  -> (artifact id: 'c6cf3cca1e122784d9c092cedb57a3e4') in 0.006841 seconds 
========================================================================
Received Import Request.
  Time since last request: 0.001275 seconds.
  path: Packages/com.unity.timeline/Editor/StyleSheets/Images/Icons/TimelineEditModeReplaceON.png
  artifactKey: Guid(6d41c3e8796a4fd4e80840354039e4ac) Importer(815301076,1909f56bfc062723c751e8b465ee728b)
Start importing Packages/com.unity.timeline/Editor/StyleSheets/Images/Icons/TimelineEditModeReplaceON.png using Guid(6d41c3e8796a4fd4e80840354039e4ac) Importer(815301076,1909f56bfc062723c751e8b465ee728b)  -> (artifact id: '6c89700f4c7e585cd8b2b6caa8948fb4') in 0.005145 seconds 
Editor requested this worker to shutdown with reason: Scaling down because of idle timeout
AssetImportWorker is now disconnected from the server
Process exiting
Exiting without the bug reporter. Application will terminate with return code 0